<?xml version="1.0" encoding="UTF-8"?>
<!-- Generated by org.testng.reporters.JUnitReportReporter -->
<testsuite hostname="DESKTOP-KK6D3DK" failures="0" tests="1" name="com.test.TestRunner.TestRunner" time="13.273" errors="0" timestamp="31 May 2020 14:32:39 GMT" skipped="0">
  <testcase classname="com.test.TestRunner.TestRunner" name="feature" time="13.273"/>
</testsuite> <!-- com.test.TestRunner.TestRunner -->
