<?xml version="1.0" encoding="UTF-8"?>
<!-- Generated by org.testng.reporters.JUnitReportReporter -->
<testsuite hostname="DESKTOP-KK6D3DK" failures="0" tests="1" name="com.test.TestRunner.TestRunner" time="17.028" errors="0" timestamp="03 Jun 2020 03:37:56 GMT" skipped="0">
  <testcase classname="com.test.TestRunner.TestRunner" name="feature" time="17.028"/>
</testsuite> <!-- com.test.TestRunner.TestRunner -->
